d:\carvatar\cargame\debug\carvatar_debug.pch
d:\carvatar\cargame\debug\vc140.pdb
d:\carvatar\cargame\debug\vc140.idb
d:\carvatar\cargame\debug\stdafx.obj
d:\carvatar\cargame\debug\ainncontroller.obj
d:\carvatar\cargame\debug\box2ddebugdraw.obj
d:\carvatar\cargame\debug\car.obj
d:\carvatar\cargame\debug\main.obj
d:\carvatar\cargame\debug\common.obj
d:\carvatar\cargame\debug\glesprogram.obj
d:\carvatar\cargame\debug\playercontroller.obj
d:\carvatar\cargame\debug\track.obj
d:\carvatar\cargame\debug\carmodel.obj
d:\carvatar\cargame\debug\basicaicontroller.obj
d:\carvatar\cargame\debug\renderer.obj
d:\carvatar\bin\carvatar_debug.ilk
d:\carvatar\bin\carvatar_debug.exe
d:\carvatar\bin\carvatar_debug.pdb
d:\carvatar\cargame\debug\cargame.obj
d:\carvatar\cargame\debug\ainncontroller.obj.enc
d:\carvatar\cargame\debug\box2ddebugdraw.obj.enc
d:\carvatar\cargame\debug\cargame_debug.pch
d:\carvatar\\bin\carvatar_debug.pdb
d:\carvatar\\bin\carvatar_debug.exe
d:\carvatar\\bin\carvatar_debug.ilk
d:\carvatar\cargame\debug\carvatar.tlog\cl.command.1.tlog
d:\carvatar\cargame\debug\carvatar.tlog\cl.read.1.tlog
d:\carvatar\cargame\debug\carvatar.tlog\cl.write.1.tlog
d:\carvatar\cargame\debug\carvatar.tlog\link.command.1.tlog
d:\carvatar\cargame\debug\carvatar.tlog\link.read.1.tlog
d:\carvatar\cargame\debug\carvatar.tlog\link.write.1.tlog
